<?xml version="1.0" encoding="UTF-8"?>
<testsuite name="ItemDetailsTest" tests="38" skipped="0" failures="0" errors="0" timestamp="2022-01-25T15:18:14" hostname="SiqideiMac.local" time="0.072">
  <properties/>
  <testcase name="test_roundingRules1_1()" classname="ItemDetailsTest" time="0.018"/>
  <testcase name="test_roundingRules1_2()" classname="ItemDetailsTest" time="0.002"/>
  <testcase name="test_roundingRules1_3()" classname="ItemDetailsTest" time="0.001"/>
  <testcase name="test_roundingRules1_4()" classname="ItemDetailsTest" time="0.001"/>
  <testcase name="test_roundingRules1_5()" classname="ItemDetailsTest" time="0.001"/>
  <testcase name="test_roundingRules1_6()" classname="ItemDetailsTest" time="0.0"/>
  <testcase name="test_roundingRules1_7()" classname="ItemDetailsTest" time="0.001"/>
  <testcase name="test_roundingRules1_8()" classname="ItemDetailsTest" time="0.001"/>
  <testcase name="test_roundingRules1and2_1()" classname="ItemDetailsTest" time="0.0"/>
  <testcase name="test_calculator_10()" classname="ItemDetailsTest" time="0.01"/>
  <testcase name="test_calculator_11()" classname="ItemDetailsTest" time="0.001"/>
  <testcase name="test_calculator_12()" classname="ItemDetailsTest" time="0.0"/>
  <testcase name="test_calculator_13()" classname="ItemDetailsTest" time="0.0"/>
  <testcase name="test_calculator_14()" classname="ItemDetailsTest" time="0.0"/>
  <testcase name="test_calculator_15()" classname="ItemDetailsTest" time="0.0"/>
  <testcase name="test_calculator_16()" classname="ItemDetailsTest" time="0.001"/>
  <testcase name="test_initialSumPrice()" classname="ItemDetailsTest" time="0.0"/>
  <testcase name="test_initialSumTax()" classname="ItemDetailsTest" time="0.0"/>
  <testcase name="test_ItemDetailsConstructor()" classname="ItemDetailsTest" time="0.002"/>
  <testcase name="roundingRules2_1()" classname="ItemDetailsTest" time="0.001"/>
  <testcase name="roundingRules2_2()" classname="ItemDetailsTest" time="0.0"/>
  <testcase name="roundingRules2_3()" classname="ItemDetailsTest" time="0.0"/>
  <testcase name="roundingRules2_4()" classname="ItemDetailsTest" time="0.0"/>
  <testcase name="roundingRules2_5()" classname="ItemDetailsTest" time="0.0"/>
  <testcase name="roundingRules2_6()" classname="ItemDetailsTest" time="0.0"/>
  <testcase name="roundingRules2_7()" classname="ItemDetailsTest" time="0.0"/>
  <testcase name="roundingRules2_8()" classname="ItemDetailsTest" time="0.0"/>
  <testcase name="test_calculator_1()" classname="ItemDetailsTest" time="0.001"/>
  <testcase name="test_calculator_2()" classname="ItemDetailsTest" time="0.001"/>
  <testcase name="test_calculator_3()" classname="ItemDetailsTest" time="0.001"/>
  <testcase name="test_calculator_4()" classname="ItemDetailsTest" time="0.0"/>
  <testcase name="test_calculator_5()" classname="ItemDetailsTest" time="0.0"/>
  <testcase name="test_calculator_6()" classname="ItemDetailsTest" time="0.001"/>
  <testcase name="test_calculator_7()" classname="ItemDetailsTest" time="0.001"/>
  <testcase name="test_calculator_8()" classname="ItemDetailsTest" time="0.0"/>
  <testcase name="test_calculator_9()" classname="ItemDetailsTest" time="0.0"/>
  <testcase name="test_updateReceipt_1()" classname="ItemDetailsTest" time="0.003"/>
  <testcase name="test_initialReceipt()" classname="ItemDetailsTest" time="0.0"/>
  <system-out><![CDATA[]]></system-out>
  <system-err><![CDATA[]]></system-err>
</testsuite>
